app/proguard-rules.pro
# Add project specific ProGuard rules here.
# You can control the set of applied configuration files using the
# proguardFiles setting in build.gradle.
#
# For more details, see
#   http://developer.android.com/guide/developing/tools/proguard.html

# If your project uses WebView with JS, uncomment the following
# and specify the fully qualified class name to the JavaScript interface
# class:
#-keepclassmembers class fqcn.of.javascript.interface.for.webview {
#   public *;
#}

# Uncomment this to preserve the line number information for
# debugging stack traces.
#-keepattributes SourceFile,LineNumberTable

# If you keep the line number information, uncomment this to
# hide the original source file name.
#-renamesourcefileattribute SourceFile

#apk 包内所有 class 的内部结构
-dump class_files.txt
#未混淆的类和成员
-printseeds seeds.txt
#列出从 apk 中删除的代码
-printusage unused.txt
#混淆前后的映射
-printmapping mapping.txt

# Butterknife --------------------------
-keep class butterknife.** { *; }
-dontwarn butterknife.internal.**
-keep class **$$ViewBinder { *; }

-keepclasseswithmembernames class * {
    @butterknife.* <fields>;
}

-keepclasseswithmembernames class * {
    @butterknife.* <methods>;
}

# zxing --------------------------
-dontwarn com.google.zxing.**
-keep class com.google.zxing.**{*;}

-keepclasseswithmembernames class * { native <methods>; }
-keep class com.android.internal.telephony.** {*;}


#不混淆Activity中参数是View的方法，因为有这样一种用法，在XML中配置android:onClick=”buttonClick”属性，当用户点击该按钮时就会调用Activity中的buttonClick(View view)方法，如果这个方法被混淆的话就找不到了。
-keepclassmembers class * extends android.app.Activity {
   public void *(android.view.View);
}

-keepclassmembers class * extends android.widget.PopupWindow {
   *;
}

#不混淆widget下的类
-keep class com.tokenunion.pro.widget.** { *; }

#不混淆枚举中的values()和valueOf()方法
-keepclassmembers enum * {
    public static **[] values();
    public static ** valueOf(java.lang.String);
}

#不混淆Parcelable实现类中的CREATOR字段，毫无疑问，CREATOR字段是绝对不能改变的，包括大小写都不能变，不然整个Parcelable工作机制都会失败。
#-keepclassmembers class * implements android.os.Parcelable {
#  public static final android.os.Parcelable$Creator CREATOR;
#}

-keepclassmembers class ** implements android.os.Parcelable {
  *;
}

#不混淆Parcelable接口的实现
-keep class ** implements android.os.Parcelable { *; }

#不混淆Serializable接口的实现
-keep class ** implements java.io.Serializable { *; }


#//不混淆某个包所有的类
-keep class com.suchengkeji.android.bean.** { *; }


#不混淆R文件中的所有静态字段，我们都知道R文件是通过字段来记录每个资源的id的，字段名要是被混淆了，id也就找不着了。
-keepclassmembers class **.R$* {
    public static <fields>;
}

#-------------- okhttp3 start-------------
# OkHttp3
# https://github.com/square/okhttp
# okhttp
-keepattributes Signature
-keepattributes *Annotation*
-keep class com.squareup.okhttp.* { *; }
-keep interface com.squareup.okhttp.** { *; }
-dontwarn com.squareup.okhttp.**

# okhttp 3
-keepattributes Signature
-keepattributes *Annotation*
-keep class okhttp3.** { *; }
-keep interface okhttp3.** { *; }
-dontwarn okhttp3.**

# Okio
-dontwarn com.squareup.**
-dontwarn okio.**
-keep public class org.codehaus.* { *; }
-keep public class java.nio.* { *; }
#----------okhttp end--------------


#event bus
#-keepattributes *Annotation* 
#-keepclassmembers class ** { @org.greenrobot.eventbus.Subscribe ; }
#-keep enum org.greenrobot.eventbus.ThreadMode { *; }

-keepattributes *Annotation*
-keepclassmembers class ** {
    @org.greenrobot.eventbus.Subscribe <methods>;
}
-keep enum org.greenrobot.eventbus.ThreadMode { *; }

# Only required if you use AsyncExecutor
-keepclassmembers class * extends org.greenrobot.eventbus.util.ThrowableFailureEvent {
    <init>(java.lang.Throwable);
}

# 避免混淆泛型, 这在JSON实体映射时非常重要
-keepattributes Signature
# 抛出异常时保留代码行号
-keepattributes SourceFile,LineNumberTable
 #优化时允许访问并修改有修饰符的类和类的成员，这可以提高优化步骤的结果。
# 比如，当内联一个公共的getter方法时，这也可能需要外地公共访问。
# 虽然java二进制规范不需要这个，要不然有的虚拟机处理这些代码会有问题。当有优化和使用-repackageclasses时才适用。
#指示语：不能用这个指令处理库中的代码，因为有的类和类成员没有设计成public ,而在api中可能变成public
-allowaccessmodification

# 保持哪些类不被混淆
#继承activity,application,service,broadcastReceiver,contentprovider....不进行混淆
-keep public class * extends android.app.Activity
-keep public class * extends android.app.Application
-keep public class * extends android.support.multidex.MultiDexApplication
-keep public class * extends android.app.Service
-keep public class * extends android.content.BroadcastReceiver
-keep public class * extends android.content.ContentProvider
-keep public class * extends android.app.backup.BackupAgentHelper
-keep public class * extends android.preference.Preference
-keep public class * extends android.view.View
-keep class android.support.** {*;}## 保留support下的所有类及其内部类

-keep public class com.google.vending.licensing.ILicensingService
-keep public class com.android.vending.licensing.ILicensingService
#表示不混淆上面声明的类，最后这两个类我们基本也用不上，是接入Google原生的一些服务时使用的。
#----------------------------------------------------

# 保留继承的
-keep public class * extends android.support.v4.**
-keep public class * extends android.support.v7.**
-keep public class * extends android.support.annotation.**


#表示不混淆任何包含native方法的类的类名以及native方法名，这个和我们刚才验证的结果是一致
-keepclasseswithmembernames class * {
    native <methods>;
}

#表示不混淆任何一个View中的setXxx()和getXxx()方法，
#因为属性动画需要有相应的setter和getter的方法实现，混淆了就无法工作了。
-keep public class * extends android.view.View{
    *** get*();
    void set*(***);
    public <init>(android.content.Context);
    public <init>(android.content.Context, android.util.AttributeSet);
    public <init>(android.content.Context, android.util.AttributeSet, int);
}
-keepclasseswithmembers class * {
    public <init>(android.content.Context, android.util.AttributeSet);
    public <init>(android.content.Context, android.util.AttributeSet, int);
}

# 对于带有回调函数的onXXEvent、**On*Listener的，不能被混淆
-keepclassmembers class * {
    void *(**On*Event);
    void *(**On*Listener);
}

# 保留我们自定义控件（继承自View）不被混淆
-keep public class * extends android.view.View{
    *** get*();
    void set*(***);
    public <init>(android.content.Context);
    public <init>(android.content.Context, android.util.AttributeSet);
    public <init>(android.content.Context, android.util.AttributeSet, int);
}