app/seeds.txt
com.tokenunion.pro.ui.wallet.model.AssetBillListBean$AssetBillsBean: java.lang.String inOutType
com.tokenunion.pro.ui.wallet.widget.PaymentCardChoiceWindow: androidx.recyclerview.widget.RecyclerView mRecyclerView
com.tokenunion.pro.ui.capital.model.AssetInfo: void setUsbRedeemBal(java.lang.String)
com.tokenunion.pro.widget.GoogleCodeVerifyDlg$3: void onClick(android.view.View)
com.tokenunion.pro.ui.capital.view.activity.CapitalBaseActivity
com.tokenunion.pro.ui.capital.view.activity.ProductDetailActivity: void onViewBillsClicked(android.view.View)
com.tokenunion.pro.widget.AlertDialog: void cancel()
com.anypocket.pro.R$styleable: int ConstraintSet_layout_goneMarginEnd
com.anypocket.pro.R$styleable: int MaterialComponentsTheme_editTextStyle
com.anypocket.pro.R$styleable: int ConstraintLayout_Layout_layout_constraintTop_toTopOf
com.anypocket.pro.R$styleable: int[] CollapsingToolbarLayout
com.anypocket.pro.R$styleable: int[] ConstraintSet
com.tokenunion.pro.ui.wallet.view.activity.WalletWithdrawActivity$CardTagAdapter
com.anypocket.pro.R$styleable: int[] LinearLayoutCompat
com.tokenunion.pro.widget.gallery.EcoGalleryAbsSpinner: void onMeasure(int,int)
com.anypocket.pro.R$styleable: int ConstraintSet_android_translationZ
com.anypocket.pro.R$styleable: int PopupWindow_overlapAnchor
com.tokenunion.pro.ui.mine.model.MembershipLevel: int btnId
com.anypocket.pro.R$styleable: int TabLayout_tabIndicator
com.tokenunion.pro.ui.capital.model.ListRatioBean: void setFinanceAssets(java.util.List)
com.anypocket.pro.R$styleable: int FloatingActionButton_rippleColor
com.anypocket.pro.R$styleable: int[] ActionMenuItemView
com.anypocket.pro.R$styleable: int BGABanner_banner_tipTextColor
com.tokenunion.pro.widget.gallery.EcoGallery: void offsetChildrenLeftAndRight(int)
com.tokenunion.pro.widget.AlertDialog$Api20Builder: com.tokenunion.pro.widget.AlertDialog$Builder setPositiveButton(java.lang.CharSequence,android.content.DialogInterface$OnClickListener)
com.tokenunion.pro.widget.LineDividerDecoration: int mOrientation
com.tokenunion.pro.widget.gallery.EcoGalleryAdapterView$SelectionNotifier
com.tokenunion.pro.ui.login.model.CountryBean: CountryBean()
com.anypocket.pro.R$styleable: int StateListDrawableItem_android_drawable
com.tokenunion.pro.ui.login.model.LoginBean: java.lang.Integer isBindGoogle
com.anypocket.pro.R$styleable: int TabLayout_tabContentStart
com.tokenunion.pro.widget.RoundedDrawable: android.graphics.Matrix mShaderMatrix
com.tokenunion.pro.ui.wallet.model.PaymentCard: java.lang.String getMemo()
com.tokenunion.pro.widget.PagerSlidingTabStrip: android.widget.LinearLayout$LayoutParams defaultTabLayoutParams
com.tokenunion.pro.widget.AlertDialog: android.app.Activity getOwnerActivity()
com.tokenunion.pro.widget.PagerSlidingTabStrip: void setShouldExpand(boolean)
com.tokenunion.pro.widget.AlertDialog$Api20Dialog: void show()
com.anypocket.pro.R$styleable: int MenuView_android_itemBackground
com.tokenunion.pro.ui.mine.model.MessageBean: int getTotalNum()
com.tokenunion.pro.widget.gallery.EcoGallery: int getCenterOfGallery()
com.anypocket.pro.R$styleable: int ActionMode_subtitleTextStyle
com.anypocket.pro.R$styleable: int MaterialComponentsTheme_floatingActionButtonStyle
com.anypocket.pro.R$styleable: int DrawerArrowToggle_drawableSize
com.tokenunion.pro.widget.AlertDialog: com.tokenunion.pro.widget.AlertDialog$Builder build(android.content.Context,int)
com.anypocket.pro.R$styleable: int ConstraintSet_layout_constraintLeft_creator
com.tokenunion.pro.ui.capital.model.AssetOverviewBean: java.util.List getDigest()
com.anypocket.pro.R$styleable: int SmartRefreshLayout_srlEnableScrollContentWhenRefreshed
com.tokenunion.pro.widget.gallery.EcoGallery: void fillToGalleryRight()
com.anypocket.pro.R$styleable: int SmartRefreshLayout_srlFooterInsetStart
com.tokenunion.pro.ui.wallet.model.RechargeListBean: java.lang.String getAddress()
com.anypocket.pro.R$styleable: int FloatingActionButton_elevation
...
okhttp3.OkHttpClient: int callTimeout
com.scwang.smartrefresh.layout.R$styleable: int SmartRefreshLayout_srlEnableAutoLoadMore
okhttp3.Cookie$Builder: boolean secure
android.support.v4.media.session.MediaSessionCompat$MediaSessionImplApi21$ExtraSession: boolean sendMediaButton(android.view.KeyEvent)
com.alibaba.fastjson.serializer.SerializerFeature: com.alibaba.fastjson.serializer.SerializerFeature WriteNonStringKeyAsString
butterknife.R$style: int TextAppearance_Compat_Notification_Time
android.support.v4.media.session.MediaSessionCompat$Token: android.support.v4.media.session.MediaSessionCompat$Token fromToken(java.lang.Object,android.support.v4.media.session.IMediaSession)
okhttp3.HttpUrl: int hashCode()
android.support.v4.media.session.MediaSessionCompatApi21$CallbackProxy: void onSeekTo(long)
com.google.android.material.internal.VisibilityAwareImageButton: int getUserSetVisibility()
okhttp3.internal.http2.Http2Stream: void cancelStreamIfNecessary()
com.yidaichu.android.common.R$styleable: int AnimatedStateListDrawableTransition_android_drawable
com.google.zxing.datamatrix.encoder.EncoderContext: com.google.zxing.datamatrix.encoder.SymbolInfo getSymbolInfo()
com.google.zxing.datamatrix.decoder.Version$ECBlocks: int ecCodewords
okhttp3.HttpUrl: java.lang.String redact()
androidx.coordinatorlayout.R$attr: int fontStyle
okhttp3.internal.http2.Header: int hpackSize
android.support.v4.media.session.MediaControllerCompat: int getShuffleMode()
com.google.zxing.datamatrix.decoder.Version: int symbolSizeRows
android.support.v4.media.MediaBrowserCompat$MediaBrowserImplApi21: android.support.v4.media.session.MediaSessionCompat$Token getSessionToken()
com.google.android.material.chip.ChipGroup: void setDividerDrawableVertical(android.graphics.drawable.Drawable)
okhttp3.internal.platform.AndroidPlatform$CloseGuard: java.lang.reflect.Method warnIfOpenMethod
androidx.appcompat.R$style: int TextAppearance_AppCompat_SearchResult_Subtitle
okhttp3.Response$Builder: okhttp3.Request request
android.support.v4.media.session.ParcelableVolumeInfo: int currentVolume
com.google.android.material.R$styleable: int[] RecyclerView
androidx.viewpager.widget.PagerTabStrip: void setTextSpacing(int)
androidx.cardview.R$dimen: int cardview_default_radius
com.google.zxing.oned.rss.expanded.decoders.GeneralAppIdDecoder: boolean isStillAlpha(int)
androidx.appcompat.R$drawable: int abc_ratingbar_indicator_material
com.alibaba.fastjson.JSON: java.lang.ThreadLocal charsLocal
com.google.android.material.bottomsheet.BottomSheetBehavior$SavedState: BottomSheetBehavior$SavedState(android.os.Parcelable,int)
com.google.android.material.R$attr: int actionModeShareDrawable
com.google.android.material.bottomnavigation.BottomNavigationView: int getMaxItemCount()
okhttp3.internal.cache.DiskLruCache$Snapshot: java.lang.String key
com.google.android.material.button.MaterialButton: int getStrokeWidth()
androidx.appcompat.R$color: int abc_tint_edittext
cn.bingoogolapple.bgabanner.transformer.TransitionEffect: cn.bingoogolapple.bgabanner.transformer.TransitionEffect[] $VALUES
com.yidaichu.android.common.R$styleable: int ClassicsFooter_srlDrawableArrow
androidx.appcompat.R$styleable: int SwitchCompat_switchMinWidth
com.google.zxing.pdf417.decoder.DecodedBitStreamParser: char[] MIXED_CHARS
androidx.core.widget.NestedScrollView: float getTopFadingEdgeStrength()
com.google.zxing.aztec.decoder.Decoder$1: int[] $SwitchMap$com$google$zxing$aztec$decoder$Decoder$Table
androidx.recyclerview.widget.RecyclerView: RecyclerView(android.content.Context,android.util.AttributeSet)
com.google.android.material.bottomnavigation.BottomNavigationView: android.graphics.drawable.Drawable getItemBackground()
com.yidaichu.android.common.R$styleable: int ClassicsFooter_srlDrawableProgressSize
com.uuzuche.lib_zxing.R$drawable: int abc_spinner_mtrl_am_alpha
android.support.v4.media.MediaMetadataCompat$1
com.google.zxing.pdf417.encoder.BarcodeMatrix: byte[][] getMatrix()