app/unused.txt
com.tokenunion.pro.permission.PermissionManager
    public static boolean hasAlwaysDeniedPermission(androidx.fragment.app.Fragment,java.util.List)
    public static varargs boolean hasAlwaysDeniedPermission(android.app.Fragment,java.lang.String[])
    public static com.tokenunion.pro.permission.SettingDialog defaultSettingDialog(androidx.fragment.app.Fragment)
    public static com.tokenunion.pro.permission.SettingDialog defaultSettingDialog(android.app.Fragment)
    public static com.tokenunion.pro.permission.SettingService defineSettingDialog(android.app.Activity)
    public static com.tokenunion.pro.permission.SettingService defineSettingDialog(androidx.fragment.app.Fragment)
    public static com.tokenunion.pro.permission.SettingService defineSettingDialog(android.app.Fragment)
    public static com.tokenunion.pro.permission.Permission with(androidx.fragment.app.Fragment)
    public static com.tokenunion.pro.permission.Permission with(android.app.Fragment)
    public static varargs void send(android.app.Activity,int,java.lang.String[])
    public static varargs void send(androidx.fragment.app.Fragment,int,java.lang.String[])
    public static varargs void send(android.app.Fragment,int,java.lang.String[])
    public static void onRequestPermissionsResult(android.app.Activity,int,java.lang.String[],int[])
    public static void onRequestPermissionsResult(androidx.fragment.app.Fragment,int,java.lang.String[],int[])
com.tokenunion.pro.utils.Md5Utils
    public void <init>()
    private static java.lang.String byteArrayToHexString(byte[])
    private static java.lang.String byteToHexString(byte)
com.tokenunion.pro.ui.mine.view.activity.CountryChoiceActivity
    public static final java.lang.String EXTRA_KEY_COUNTRY
    public static final java.lang.String EXTRA_KEY_COUNTRY_ABB
com.anypocket.pro.R$drawable
com.tokenunion.pro.ui.wallet.view.fragment.MarketDataFragment
    public static com.tokenunion.pro.ui.wallet.view.fragment.MarketDataFragment newInstance()
    private static final java.lang.String PLUS_CHAR
com.tokenunion.pro.common.SimpleAnimationListener
com.tokenunion.pro.ui.mine.adapter.MessageAdapter
    android.graphics.Typeface mTypeface
com.tokenunion.pro.ui.capital.adapter.CapitalHomeAdapter$CapitalViewHolder
    public synthetic bridge void bindData(java.lang.Object,int)
com.tokenunion.pro.ui.base.BaseActivity
    protected abstract void initData()
    protected abstract void initViews()
    public final void setTranslucent(boolean)
    public final int setStatusBarLightMode()
    public void jumpToActivity(java.lang.Class,android.view.View,java.lang.String)
    public void jumpToActivity(java.lang.Class,android.os.Bundle,android.view.View,java.lang.String)
    public void jumpToActivityForResult(java.lang.Class,android.view.View,java.lang.String,int)
    public void jumpToActivityForResult(java.lang.Class,android.os.Bundle,android.view.View,java.lang.String,int)
    protected static final int MESSAGE_PAGE_SIZE
com.tokenunion.pro.ui.capital.adapter.TUCRecordAdapter$HeaderViewHolder
    public synthetic bridge void bindData(java.lang.Object,int)
com.tokenunion.pro.config.ApiUrl
    public void <init>()
com.anypocket.pro.R$styleable
    public void <init>()
com.anypocket.pro.R$string
com.tokenunion.pro.config.SharedPrefKeys
com.tokenunion.pro.zxing.android.InactivityTimer
    private static final long INACTIVITY_DELAY_MS
com.tokenunion.pro.ui.wallet.adapter.BillRecordAdapter$BillViewHolder
    public synthetic bridge void bindData(java.lang.Object,int)
com.tokenunion.pro.utils.BusinessUtils
    public void <init>()
    public static void displayUserHeadImage(com.tokenunion.pro.widget.RoundNetworkImageView)
    public static boolean compare(java.util.List,java.util.List)
com.tokenunion.pro.zxing.android.Intents$WifiConnect
com.anypocket.pro.R$interpolator
...
com.scwang.smartrefresh.layout.api.DefaultRefreshFooterCreator
    public abstract com.scwang.smartrefresh.layout.api.RefreshFooter createRefreshFooter(android.content.Context,com.scwang.smartrefresh.layout.api.RefreshLayout)
com.bumptech.glide.load.engine.bitmap_recycle.GroupedLinkedMap$LinkedEntry
    public int size()
    public void add(java.lang.Object)
androidx.core.app.JobIntentService$WorkEnqueuer
    public void ensureJobId(int)
    public boolean mHasJobId
    public int mJobId
androidx.appcompat.app.ToolbarActionBar
    public final android.view.Menu getMenu()
androidx.media.MediaBrowserServiceCompat$MediaBrowserServiceImplApi23$1
    public void onResultSent(android.support.v4.media.MediaBrowserCompat$MediaItem)
    public final synthetic androidx.media.MediaBrowserServiceCompat$MediaBrowserServiceImplApi23 this$1
com.google.android.material.transformation.FabTransformationBehavior$2
    public final synthetic com.google.android.material.transformation.FabTransformationBehavior this$0
com.bumptech.glide.load.engine.Engine$EngineJobFactory$1
    public com.bumptech.glide.load.engine.EngineJob create()
androidx.fragment.app.FragmentActivity$NonConfigurationInstances
    public java.lang.Object custom
com.bumptech.glide.manager.TargetTracker
    public void track(com.bumptech.glide.request.target.Target)
    public void untrack(com.bumptech.glide.request.target.Target)
    public java.util.List getAll()
    public void clear()
androidx.recyclerview.widget.StaggeredGridLayoutManager$AnchorInfo
    public void assignCoordinateFromPadding(int)
androidx.appcompat.widget.DropDownListView$GateKeeperDrawable
    public void setEnabled(boolean)
androidx.core.util.Preconditions
androidx.core.widget.CompoundButtonCompat
okio.Base64
    public static java.lang.String encode(byte[])
    public static java.lang.String encodeUrl(byte[])
androidx.core.text.TextUtilsCompat
    public static int getLayoutDirectionFromFirstChar(java.util.Locale)
com.yidaichu.android.common.view.statusbar.LightStatusBarCompat$MLightStatusBarImpl
    public void <init>()
com.google.android.material.floatingactionbutton.FloatingActionButtonImpl$DisabledElevationAnimation
    public final synthetic com.google.android.material.floatingactionbutton.FloatingActionButtonImpl this$0
com.bumptech.glide.load.model.DataUrlLoader$DataDecoder
    public abstract java.lang.Object decode(java.lang.String)
    public abstract void close(java.lang.Object)
    public abstract java.lang.Class getDataClass()
com.bumptech.glide.load.resource.bitmap.DrawableTransformation
    public com.bumptech.glide.load.Transformation asBitmapDrawable()
    public final com.bumptech.glide.load.engine.Resource newDrawableResource(android.content.Context,com.bumptech.glide.load.engine.Resource)
com.google.android.material.drawable.DrawableUtils
com.alibaba.fastjson.serializer.FloatCodec
    public static java.lang.Object deserialze(com.alibaba.fastjson.parser.DefaultJSONParser)
androidx.appcompat.app.AppCompatDialog
    public static int getThemeResId(android.content.Context,int)
    public boolean supportRequestWindowFeature(int)